# JRE version: Java(TM) SE Runtime Environment (8.0_171-b11) (build 1.8.0_171-b11)
# Java VM: Java HotSpot(TM) 64-Bit Server VM (25.171-b11 mixed mode windows-amd64 compressed oops)
Heap:
 PSYoungGen      total 74752K, used 37207K [0x000000076b980000, 0x0000000771d80000, 0x00000007c0000000)
  eden space 73728K, 49% used [0x000000076b980000,0x000000076dd20bb8,0x0000000770180000)
  from space 1024K, 70% used [0x0000000770300000,0x00000007703b53b0,0x0000000770400000)
  to   space 14336K, 0% used [0x0000000770f80000,0x0000000770f80000,0x0000000771d80000)
 ParOldGen       total 103936K, used 16349K [0x00000006c2c00000, 0x00000006c9180000, 0x000000076b980000)
  object space 103936K, 15% used [0x00000006c2c00000,0x00000006c3bf77b0,0x00000006c9180000)
 Metaspace       used 40645K, capacity 43400K, committed 43608K, reserved 1087488K
  class space    used 5032K, capacity 5498K, committed 5504K, reserved 1048576K
GC Heap History (10 events):
Event: 6984.367 GC heap before
{Heap before GC invocations=19 (full 2):
 PSYoungGen      total 96256K, used 82068K [0x000000076b980000, 0x0000000772900000, 0x00000007c0000000)
  eden space 81408K, 100% used [0x000000076b980000,0x0000000770900000,0x0000000770900000)
  from space 14848K, 4% used [0x0000000771a80000,0x0000000771b253b0,0x0000000772900000)
  to   space 16384K, 0% used [0x0000000770900000,0x0000000770900000,0x0000000771900000)
 ParOldGen       total 103936K, used 16309K [0x00000006c2c00000, 0x00000006c9180000, 0x000000076b980000)
  object space 103936K, 15% used [0x00000006c2c00000,0x00000006c3bed7b0,0x00000006c9180000)
 Metaspace       used 40497K, capacity 43226K, committed 43352K, reserved 1087488K
  class space    used 5028K, capacity 5491K, committed 5504K, reserved 1048576K
Event: 6984.371 GC heap after
Heap after GC invocations=19 (full 2):
 PSYoungGen      total 80896K, used 724K [0x000000076b980000, 0x0000000772680000, 0x00000007c0000000)
  eden space 79872K, 0% used [0x000000076b980000,0x000000076b980000,0x0000000770780000)
  from space 1024K, 70% used [0x0000000770900000,0x00000007709b53b0,0x0000000770a00000)
  to   space 15872K, 0% used [0x0000000771700000,0x0000000771700000,0x0000000772680000)
 ParOldGen       total 103936K, used 16317K [0x00000006c2c00000, 0x00000006c9180000, 0x000000076b980000)
  object space 103936K, 15% used [0x00000006c2c00000,0x00000006c3bef7b0,0x00000006c9180000)
 Metaspace       used 40497K, capacity 43226K, committed 43352K, reserved 1087488K
  class space    used 5028K, capacity 5491K, committed 5504K, reserved 1048576K
}
Event: 8057.810 GC heap before
{Heap before GC invocations=20 (full 2):
 PSYoungGen      total 80896K, used 80596K [0x000000076b980000, 0x0000000772680000, 0x00000007c0000000)
  eden space 79872K, 100% used [0x000000076b980000,0x0000000770780000,0x0000000770780000)
  from space 1024K, 70% used [0x0000000770900000,0x00000007709b53b0,0x0000000770a00000)
  to   space 15872K, 0% used [0x0000000771700000,0x0000000771700000,0x0000000772680000)
 ParOldGen       total 103936K, used 16317K [0x00000006c2c00000, 0x00000006c9180000, 0x000000076b980000)
  object space 103936K, 15% used [0x00000006c2c00000,0x00000006c3bef7b0,0x00000006c9180000)
 Metaspace       used 40498K, capacity 43226K, committed 43352K, reserved 1087488K
  class space    used 5028K, capacity 5491K, committed 5504K, reserved 1048576K
Event: 8057.817 GC heap after
Heap after GC invocations=20 (full 2):
 PSYoungGen      total 92672K, used 756K [0x000000076b980000, 0x0000000772500000, 0x00000007c0000000)
  eden space 78336K, 0% used [0x000000076b980000,0x000000076b980000,0x0000000770600000)
  from space 14336K, 5% used [0x0000000771700000,0x00000007717bd3b0,0x0000000772500000)
  to   space 15872K, 0% used [0x0000000770600000,0x0000000770600000,0x0000000771580000)
 ParOldGen       total 103936K, used 16325K [0x00000006c2c00000, 0x00000006c9180000, 0x000000076b980000)
  object space 103936K, 15% used [0x00000006c2c00000,0x00000006c3bf17b0,0x00000006c9180000)
 Metaspace       used 40498K, capacity 43226K, committed 43352K, reserved 1087488K
  class space    used 5028K, capacity 5491K, committed 5504K, reserved 1048576K
}
Event: 51312.368 GC heap before
{Heap before GC invocations=21 (full 2):
 PSYoungGen      total 92672K, used 79092K [0x000000076b980000, 0x0000000772500000, 0x00000007c0000000)
  eden space 78336K, 100% used [0x000000076b980000,0x0000000770600000,0x0000000770600000)
  from space 14336K, 5% used [0x0000000771700000,0x00000007717bd3b0,0x0000000772500000)
  to   space 15872K, 0% used [0x0000000770600000,0x0000000770600000,0x0000000771580000)
 ParOldGen       total 103936K, used 16325K [0x00000006c2c00000, 0x00000006c9180000, 0x000000076b980000)
  object space 103936K, 15% used [0x00000006c2c00000,0x00000006c3bf17b0,0x00000006c9180000)
 Metaspace       used 40498K, capacity 43226K, committed 43352K, reserved 1087488K
  class space    used 5028K, capacity 5491K, committed 5504K, reserved 1048576K
Event: 51312.372 GC heap after
Heap after GC invocations=21 (full 2):
 PSYoungGen      total 77824K, used 692K [0x000000076b980000, 0x0000000772280000, 0x00000007c0000000)
  eden space 76800K, 0% used [0x000000076b980000,0x000000076b980000,0x0000000770480000)
  from space 1024K, 67% used [0x0000000770600000,0x00000007706ad3b0,0x0000000770700000)
  to   space 15360K, 0% used [0x0000000771380000,0x0000000771380000,0x0000000772280000)
 ParOldGen       total 103936K, used 16333K [0x00000006c2c00000, 0x00000006c9180000, 0x000000076b980000)
  object space 103936K, 15% used [0x00000006c2c00000,0x00000006c3bf37b0,0x00000006c9180000)
 Metaspace       used 40498K, capacity 43226K, committed 43352K, reserved 1087488K
  class space    used 5028K, capacity 5491K, committed 5504K, reserved 1048576K
}
Event: 52328.891 GC heap before
{Heap before GC invocations=22 (full 2):
 PSYoungGen      total 77824K, used 77492K [0x000000076b980000, 0x0000000772280000, 0x00000007c0000000)
  eden space 76800K, 100% used [0x000000076b980000,0x0000000770480000,0x0000000770480000)
  from space 1024K, 67% used [0x0000000770600000,0x00000007706ad3b0,0x0000000770700000)
  to   space 15360K, 0% used [0x0000000771380000,0x0000000771380000,0x0000000772280000)
 ParOldGen       total 103936K, used 16333K [0x00000006c2c00000, 0x00000006c9180000, 0x000000076b980000)
  object space 103936K, 15% used [0x00000006c2c00000,0x00000006c3bf37b0,0x00000006c9180000)
 Metaspace       used 40498K, capacity 43226K, committed 43352K, reserved 1087488K
  class space    used 5028K, capacity 5491K, committed 5504K, reserved 1048576K
Event: 52328.894 GC heap after
Heap after GC invocations=22 (full 2):
 PSYoungGen      total 88064K, used 724K [0x000000076b980000, 0x0000000772000000, 0x00000007c0000000)
  eden space 75264K, 0% used [0x000000076b980000,0x000000076b980000,0x0000000770300000)
  from space 12800K, 5% used [0x0000000771380000,0x00000007714353b0,0x0000000772000000)
  to   space 14848K, 0% used [0x0000000770300000,0x0000000770300000,0x0000000771180000)
 ParOldGen       total 103936K, used 16341K [0x00000006c2c00000, 0x00000006c9180000, 0x000000076b980000)
  object space 103936K, 15% used [0x00000006c2c00000,0x00000006c3bf57b0,0x00000006c9180000)
 Metaspace       used 40498K, capacity 43226K, committed 43352K, reserved 1087488K
  class space    used 5028K, capacity 5491K, committed 5504K, reserved 1048576K
}
Event: 53327.171 GC heap before
{Heap before GC invocations=23 (full 2):
 PSYoungGen      total 88064K, used 75988K [0x000000076b980000, 0x0000000772000000, 0x00000007c0000000)
  eden space 75264K, 100% used [0x000000076b980000,0x0000000770300000,0x0000000770300000)
  from space 12800K, 5% used [0x0000000771380000,0x00000007714353b0,0x0000000772000000)
  to   space 14848K, 0% used [0x0000000770300000,0x0000000770300000,0x0000000771180000)
 ParOldGen       total 103936K, used 16341K [0x00000006c2c00000, 0x00000006c9180000, 0x000000076b980000)
  object space 103936K, 15% used [0x00000006c2c00000,0x00000006c3bf57b0,0x00000006c9180000)
 Metaspace       used 40498K, capacity 43226K, committed 43352K, reserved 1087488K
  class space    used 5028K, capacity 5491K, committed 5504K, reserved 1048576K
Event: 53327.173 GC heap after
Heap after GC invocations=23 (full 2):
 PSYoungGen      total 74752K, used 724K [0x000000076b980000, 0x0000000771d80000, 0x00000007c0000000)
  eden space 73728K, 0% used [0x000000076b980000,0x000000076b980000,0x0000000770180000)
  from space 1024K, 70% used [0x0000000770300000,0x00000007703b53b0,0x0000000770400000)
  to   space 14336K, 0% used [0x0000000770f80000,0x0000000770f80000,0x0000000771d80000)
 ParOldGen       total 103936K, used 16349K [0x00000006c2c00000, 0x00000006c9180000, 0x000000076b980000)
  object space 103936K, 15% used [0x00000006c2c00000,0x00000006c3bf77b0,0x00000006c9180000)
 Metaspace       used 40498K, capacity 43226K, committed 43352K, reserved 1087488K
  class space    used 5028K, capacity 5491K, committed 5504K, reserved 1048576K
}

